<?xml version="1.0" encoding="UTF-8"?>
<!-- Generated by org.testng.reporters.JUnitReportReporter -->
<testsuite skipped="0" hostname="TORRVT-NW71546" name="destinationPride.Main" tests="6" failures="0" timestamp="05 Oct 2017 15:04:56 GMT" time="8.205" errors="0">
  <testcase name="mainsPageLoad" time="1.244" classname="destinationPride.Main"/>
  <testcase name="inputField" time="2.602" classname="destinationPride.Main"/>
  <testcase name="aboutPageLink" time="0.749" classname="destinationPride.Main"/>
  <testcase name="faqtPageLink" time="1.015" classname="destinationPride.Main"/>
  <testcase name="mainLogoLink" time="1.030" classname="destinationPride.Main"/>
  <testcase name="projectPageLink" time="1.565" classname="destinationPride.Main"/>
</testsuite> <!-- destinationPride.Main -->
