<?xml version="1.0" encoding="UTF-8"?>
<!-- Generated by org.testng.reporters.JUnitReportReporter -->
<testsuite skipped="0" hostname="TORRVT-NW71546" name="destinationPride.Main" tests="6" failures="0" timestamp="05 Oct 2017 14:21:23 GMT" time="7.256" errors="0">
  <testcase name="mainsPageLoad" time="1.153" classname="destinationPride.Main"/>
  <testcase name="inputField" time="2.586" classname="destinationPride.Main"/>
  <testcase name="aboutPageLink" time="0.578" classname="destinationPride.Main"/>
  <testcase name="faqtPageLink" time="0.994" classname="destinationPride.Main"/>
  <testcase name="mainLogoLink" time="1.004" classname="destinationPride.Main"/>
  <testcase name="projectPageLink" time="0.941" classname="destinationPride.Main"/>
</testsuite> <!-- destinationPride.Main -->
