<?xml version="1.0" encoding="UTF-8"?>
<!-- Generated by org.testng.reporters.JUnitReportReporter -->
<testsuite skipped="0" hostname="TORRVT-NW71546" name="destinationPride.Main" tests="6" failures="0" timestamp="05 Oct 2017 21:05:17 GMT" time="10.591" errors="0">
  <testcase name="mainsPageLoad" time="1.182" classname="destinationPride.Main"/>
  <testcase name="inputField" time="2.571" classname="destinationPride.Main"/>
  <testcase name="aboutPageLink" time="0.581" classname="destinationPride.Main"/>
  <testcase name="faqtPageLink" time="2.740" classname="destinationPride.Main"/>
  <testcase name="mainLogoLink" time="1.158" classname="destinationPride.Main"/>
  <testcase name="projectPageLink" time="2.359" classname="destinationPride.Main"/>
</testsuite> <!-- destinationPride.Main -->
