<?xml version="1.0" encoding="UTF-8"?>
<!-- Generated by org.testng.reporters.JUnitReportReporter -->
<testsuite skipped="0" hostname="TORRVT-NW71546" name="destinationPride.Main" tests="2" failures="0" timestamp="10 Aug 2017 14:40:37 GMT" time="10.709" errors="0">
  <testcase name="URL" time="6.951" classname="destinationPride.Main"/>
  <testcase name="links" time="3.758" classname="destinationPride.Main"/>
</testsuite> <!-- destinationPride.Main -->
